This is XeTeX, Version 3.141592653-2.6-0.999997 (TeX Live 2025) (preloaded format=xelatex 2025.3.30)  1 FEB 2026 09:56
entering extended mode
 restricted \write18 enabled.
 %&-line parsing enabled.
**section_02.tex
(./section_02.tex
LaTeX2e <2024-11-01> patch level 2
L3 programming layer <2025-01-18>
! Undefined control sequence.
l.2 \subsection
               {示例章节}
The control sequence at the end of the top line
of your error message was never \def'ed. If you have
misspelled it (e.g., `\hobx'), type `I' and the correct
spelling (e.g., `I\hbox'). Otherwise just continue,
and I'll forget about whatever was undefined.


! LaTeX Error: Missing \begin{document}.

See the LaTeX manual or LaTeX Companion for explanation.
Type  H <return>  for immediate help.
 ...                                              
                                                  
l.2 \subsection{示
                 例章节}
You're in trouble here.  Try typing  <return>  to proceed.
If that doesn't work, type  X <return>  to quit.

Missing character: There is no 示 ("793A) in font nullfont!
Missing character: There is no 例 ("4F8B) in font nullfont!
Missing character: There is no 章 ("7AE0) in font nullfont!
Missing character: There is no 节 ("8282) in font nullfont!
! Undefined control sequence.
l.3 \subsubsection
                  {示例章节}{
The control sequence at the end of the top line
of your error message was never \def'ed. If you have
misspelled it (e.g., `\hobx'), type `I' and the correct
spelling (e.g., `I\hbox'). Otherwise just continue,
and I'll forget about whatever was undefined.

Missing character: There is no 示 ("793A) in font nullfont!
Missing character: There is no 例 ("4F8B) in font nullfont!
Missing character: There is no 章 ("7AE0) in font nullfont!
Missing character: There is no 节 ("8282) in font nullfont!
Missing character: There is no 中 ("4E2D) in font nullfont!
Missing character: There is no 国 ("56FD) in font nullfont!
Missing character: There is no 海 ("6D77) in font nullfont!
Missing character: There is no 洋 ("6D0B) in font nullfont!
Missing character: There is no 大 ("5927) in font nullfont!
Missing character: There is no 学 ("5B66) in font nullfont!
Missing character: There is no 的 ("7684) in font nullfont!
Missing character: There is no 发 ("53D1) in font nullfont!
Missing character: There is no 展 ("5C55) in font nullfont!
Missing character: There is no 目 ("76EE) in font nullfont!
Missing character: There is no 标 ("6807) in font nullfont!
Missing character: There is no 是 ("662F) in font nullfont!
Missing character: There is no : ("3A) in font nullfont!
Missing character: There is no 到 ("5230) in font nullfont!
Missing character: There is no 2 ("32) in font nullfont!
Missing character: There is no 0 ("30) in font nullfont!
Missing character: There is no 2 ("32) in font nullfont!
Missing character: There is no 5 ("35) in font nullfont!
Missing character: There is no 年 ("5E74) in font nullfont!
Missing character: There is no 建 ("5EFA) in font nullfont!
Missing character: There is no 校 ("6821) in font nullfont!
Missing character: There is no 百 ("767E) in font nullfont!
Missing character: There is no 年 ("5E74) in font nullfont!
Missing character: There is no 前 ("524D) in font nullfont!
Missing character: There is no 后 ("540E) in font nullfont!
Missing character: There is no , ("2C) in font nullfont!
Missing character: There is no 将 ("5C06) in font nullfont!
Missing character: There is no 学 ("5B66) in font nullfont!
Missing character: There is no 校 ("6821) in font nullfont!
Missing character: There is no 建 ("5EFA) in font nullfont!
Missing character: There is no 设 ("8BBE) in font nullfont!
Missing character: There is no 成 ("6210) in font nullfont!
Missing character: There is no 为 ("4E3A) in font nullfont!
Missing character: There is no 国 ("56FD) in font nullfont!
Missing character: There is no 际 ("9645) in font nullfont!
Missing character: There is no 知 ("77E5) in font nullfont!
Missing character: There is no 名 ("540D) in font nullfont!
Missing character: There is no , ("2C) in font nullfont!
Missing character: There is no 特 ("7279) in font nullfont!
Missing character: There is no 色 ("8272) in font nullfont!
Missing character: There is no 显 ("663E) in font nullfont!
Missing character: There is no 著 ("8457) in font nullfont!
Missing character: There is no 的 ("7684) in font nullfont!
Missing character: There is no 高 ("9AD8) in font nullfont!
Missing character: There is no 水 ("6C34) in font nullfont!
Missing character: There is no 平 ("5E73) in font nullfont!
Missing character: There is no 研 ("7814) in font nullfont!
Missing character: There is no 究 ("7A76) in font nullfont!
Missing character: There is no 型 ("578B) in font nullfont!
Missing character: There is no 大 ("5927) in font nullfont!
Missing character: There is no 学 ("5B66) in font nullfont!
Missing character: There is no ; ("3B) in font nullfont!
Missing character: There is no 到 ("5230) in font nullfont!
Missing character: There is no 本 ("672C) in font nullfont!
Missing character: There is no 世 ("4E16) in font nullfont!
Missing character: There is no 纪 ("7EAA) in font nullfont!
Missing character: There is no 中 ("4E2D) in font nullfont!
Missing character: There is no 叶 ("53F6) in font nullfont!
Missing character: There is no 或 ("6216) in font nullfont!
Missing character: There is no 更 ("66F4) in font nullfont!
Missing character: There is no 长 ("957F) in font nullfont!
Missing character: There is no 一 ("4E00) in font nullfont!
Missing character: There is no 段 ("6BB5) in font nullfont!
Missing character: There is no 时 ("65F6) in font nullfont!
Missing character: There is no 间 ("95F4) in font nullfont!
Missing character: There is no , ("2C) in font nullfont!
Missing character: There is no 立 ("7ACB) in font nullfont!
Missing character: There is no 足 ("8DB3) in font nullfont!
Missing character: There is no 海 ("6D77) in font nullfont!
Missing character: There is no 洋 ("6D0B) in font nullfont!
Missing character: There is no 强 ("5F3A) in font nullfont!
Missing character: There is no 国 ("56FD) in font nullfont!
Missing character: There is no 建 ("5EFA) in font nullfont!
Missing character: There is no 设 ("8BBE) in font nullfont!
Missing character: There is no , ("2C) in font nullfont!
Missing character: There is no 大 ("5927) in font nullfont!
Missing character: There is no 力 ("529B) in font nullfont!
Missing character: There is no 推 ("63A8) in font nullfont!
Missing character: There is no 进 ("8FDB) in font nullfont!
Missing character: There is no 改 ("6539) in font nullfont!
Missing character: There is no 革 ("9769) in font nullfont!
Missing character: There is no 创 ("521B) in font nullfont!
Missing character: There is no 新 ("65B0) in font nullfont!
Missing character: There is no , ("2C) in font nullfont!
Missing character: There is no 通 ("901A) in font nullfont!
Missing character: There is no 过 ("8FC7) in font nullfont!
Missing character: There is no 强 ("5F3A) in font nullfont!
Missing character: There is no 化 ("5316) in font nullfont!
Missing character: There is no 建 ("5EFA) in font nullfont!
Missing character: There is no 设 ("8BBE) in font nullfont!
Missing character: There is no 和 ("548C) in font nullfont!
Missing character: There is no 持 ("6301) in font nullfont!
Missing character: There is no 续 ("7EED) in font nullfont!
Missing character: There is no 发 ("53D1) in font nullfont!
Missing character: There is no 展 ("5C55) in font nullfont!
Missing character: There is no , ("2C) in font nullfont!
Missing character: There is no 努 ("52AA) in font nullfont!
Missing character: There is no 力 ("529B) in font nullfont!
Missing character: There is no 实 ("5B9E) in font nullfont!
Missing character: There is no 现 ("73B0) in font nullfont!
Missing character: There is no 全 ("5168) in font nullfont!
Missing character: There is no 面 ("9762) in font nullfont!
Missing character: There is no 跨 ("8DE8) in font nullfont!
Missing character: There is no 越 ("8D8A) in font nullfont!
Missing character: There is no , ("2C) in font nullfont!
Missing character: There is no 力 ("529B) in font nullfont!
Missing character: There is no 争 ("4E89) in font nullfont!
Missing character: There is no 使 ("4F7F) in font nullfont!
Missing character: There is no 学 ("5B66) in font nullfont!
Missing character: There is no 校 ("6821) in font nullfont!
Missing character: There is no 跻 ("8DFB) in font nullfont!
Missing character: There is no 身 ("8EAB) in font nullfont!
Missing character: There is no 特 ("7279) in font nullfont!
Missing character: There is no 色 ("8272) in font nullfont!
Missing character: There is no 显 ("663E) in font nullfont!
Missing character: There is no 著 ("8457) in font nullfont!
Missing character: There is no 的 ("7684) in font nullfont!
Missing character: There is no 世 ("4E16) in font nullfont!
Missing character: There is no 界 ("754C) in font nullfont!
Missing character: There is no 一 ("4E00) in font nullfont!
Missing character: There is no 流 ("6D41) in font nullfont!
Missing character: There is no 大 ("5927) in font nullfont!
Missing character: There is no 学 ("5B66) in font nullfont!
Missing character: There is no 行 ("884C) in font nullfont!
Missing character: There is no 列 ("5217) in font nullfont!
Missing character: There is no 。 ("3002) in font nullfont!

Overfull \hbox (20.0pt too wide) in paragraph at lines 2--6
[]
 []


! LaTeX Error: Missing \begin{document}.

See the LaTeX manual or LaTeX Companion for explanation.
Type  H <return>  for immediate help.
 ...                                              
                                                  
l.7 \begin{equation}
                    
You're in trouble here.  Try typing  <return>  to proceed.
If that doesn't work, type  X <return>  to quit.


Overfull \hbox (20.0pt too wide) in paragraph at lines 7--7
[] 
 []

LaTeX Font Info:    External font `cmex10' loaded for size
(Font)              <7> on input line 7.
LaTeX Font Info:    External font `cmex10' loaded for size
(Font)              <5> on input line 7.

Overfull \hbox (37.17819pt too wide) detected at line 9
\OML/cmm/m/it/10 x \OT1/cmr/m/n/10 = \OML/cmm/m/it/10 y \OT1/cmr/m/n/10 + \OML/
cmm/m/it/10 z
 []


! LaTeX Error: Missing \begin{document}.

See the LaTeX manual or LaTeX Companion for explanation.
Type  H <return>  for immediate help.
 ...                                              
                                                  
l.11 测
      试图片：
You're in trouble here.  Try typing  <return>  to proceed.
If that doesn't work, type  X <return>  to quit.

Missing character: There is no 测 ("6D4B) in font nullfont!
Missing character: There is no 试 ("8BD5) in font nullfont!
Missing character: There is no 图 ("56FE) in font nullfont!
Missing character: There is no 片 ("7247) in font nullfont!
Missing character: There is no ： ("FF1A) in font nullfont!

! LaTeX Error: Environment figure undefined.

See the LaTeX manual or LaTeX Companion for explanation.
Type  H <return>  for immediate help.
 ...                                              
                                                  
l.12 \begin{figure}
                   [!htbp]
Your command was ignored.
Type  I <command> <return>  to replace it with another command,
or  <return>  to continue without it.

Missing character: There is no [ ("5B) in font nullfont!
Missing character: There is no ! ("21) in font nullfont!
Missing character: There is no h ("68) in font nullfont!
Missing character: There is no t ("74) in font nullfont!
Missing character: There is no b ("62) in font nullfont!
Missing character: There is no p ("70) in font nullfont!
Missing character: There is no ] ("5D) in font nullfont!
! Undefined control sequence.
l.14     \includegraphics
                         [width = 0.2\textwidth]{assets/logo}
The control sequence at the end of the top line
of your error message was never \def'ed. If you have
misspelled it (e.g., `\hobx'), type `I' and the correct
spelling (e.g., `I\hbox'). Otherwise just continue,
and I'll forget about whatever was undefined.

Missing character: There is no [ ("5B) in font nullfont!
Missing character: There is no w ("77) in font nullfont!
Missing character: There is no i ("69) in font nullfont!
Missing character: There is no d ("64) in font nullfont!
Missing character: There is no t ("74) in font nullfont!
Missing character: There is no h ("68) in font nullfont!
Missing character: There is no = ("3D) in font nullfont!
Missing character: There is no 0 ("30) in font nullfont!
Missing character: There is no . ("2E) in font nullfont!
Missing character: There is no 2 ("32) in font nullfont!
! Missing number, treated as zero.
<to be read again> 
                   ]
l.14     \includegraphics[width = 0.2\textwidth]
                                                {assets/logo}
A number should have been here; I inserted `0'.
(If you can't figure out why I needed to see a number,
look up `weird error' in the index to The TeXbook.)

! Illegal unit of measure (pt inserted).
<to be read again> 
                   ]
l.14     \includegraphics[width = 0.2\textwidth]
                                                {assets/logo}
Dimensions can be in units of em, ex, in, pt, pc,
cm, mm, dd, cc, bp, or sp; but yours is a new one!
I'll assume that you meant to say pt, for printer's points.
To recover gracefully from this error, it's best to
delete the erroneous units; e.g., type `2' to delete
two letters. (See Chapter 27 of The TeXbook.)

Missing character: There is no ] ("5D) in font nullfont!
Missing character: There is no a ("61) in font nullfont!
Missing character: There is no s ("73) in font nullfont!
Missing character: There is no s ("73) in font nullfont!
Missing character: There is no e ("65) in font nullfont!
Missing character: There is no t ("74) in font nullfont!
Missing character: There is no s ("73) in font nullfont!
Missing character: There is no / ("2F) in font nullfont!
Missing character: There is no l ("6C) in font nullfont!
Missing character: There is no o ("6F) in font nullfont!
Missing character: There is no g ("67) in font nullfont!
Missing character: There is no o ("6F) in font nullfont!

! LaTeX Error: \caption outside float.

See the LaTeX manual or LaTeX Companion for explanation.
Type  H <return>  for immediate help.
 ...                                              
                                                  
l.15     \caption
                 {中国海洋大学}
You're in trouble here.  Try typing  <return>  to proceed.
If that doesn't work, type  X <return>  to quit.

Missing character: There is no 中 ("4E2D) in font nullfont!
Missing character: There is no 国 ("56FD) in font nullfont!
Missing character: There is no 海 ("6D77) in font nullfont!
Missing character: There is no 洋 ("6D0B) in font nullfont!
Missing character: There is no 大 ("5927) in font nullfont!
Missing character: There is no 学 ("5B66) in font nullfont!

! LaTeX Error: \begin{document} ended by \end{figure}.

See the LaTeX manual or LaTeX Companion for explanation.
Type  H <return>  for immediate help.
 ...                                              
                                                  
l.17 \end{figure}
                 
Your command was ignored.
Type  I <command> <return>  to replace it with another command,
or  <return>  to continue without it.


Overfull \hbox (20.0pt too wide) in paragraph at lines 11--18
[]
 []


! LaTeX Error: Missing \begin{document}.

See the LaTeX manual or LaTeX Companion for explanation.
Type  H <return>  for immediate help.
 ...                                              
                                                  
l.19 测
      试表格：
You're in trouble here.  Try typing  <return>  to proceed.
If that doesn't work, type  X <return>  to quit.

Missing character: There is no 测 ("6D4B) in font nullfont!
Missing character: There is no 试 ("8BD5) in font nullfont!
Missing character: There is no 表 ("8868) in font nullfont!
Missing character: There is no 格 ("683C) in font nullfont!
Missing character: There is no ： ("FF1A) in font nullfont!

! LaTeX Error: Environment table undefined.

See the LaTeX manual or LaTeX Companion for explanation.
Type  H <return>  for immediate help.
 ...                                              
                                                  
l.20 \begin{table}
                  [!htbp]
Your command was ignored.
Type  I <command> <return>  to replace it with another command,
or  <return>  to continue without it.

Missing character: There is no [ ("5B) in font nullfont!
Missing character: There is no ! ("21) in font nullfont!
Missing character: There is no h ("68) in font nullfont!
Missing character: There is no t ("74) in font nullfont!
Missing character: There is no b ("62) in font nullfont!
Missing character: There is no p ("70) in font nullfont!
Missing character: There is no ] ("5D) in font nullfont!

! LaTeX Error: \caption outside float.

See the LaTeX manual or LaTeX Companion for explanation.
Type  H <return>  for immediate help.
 ...                                              
                                                  
l.22 \caption
             {一个基本的三线表}
You're in trouble here.  Try typing  <return>  to proceed.
If that doesn't work, type  X <return>  to quit.

Missing character: There is no 一 ("4E00) in font nullfont!
Missing character: There is no 个 ("4E2A) in font nullfont!
Missing character: There is no 基 ("57FA) in font nullfont!
Missing character: There is no 本 ("672C) in font nullfont!
Missing character: There is no 的 ("7684) in font nullfont!
Missing character: There is no 三 ("4E09) in font nullfont!
Missing character: There is no 线 ("7EBF) in font nullfont!
Missing character: There is no 表 ("8868) in font nullfont!
! Undefined control sequence.
l.24 \toprule
             
The control sequence at the end of the top line
of your error message was never \def'ed. If you have
misspelled it (e.g., `\hobx'), type `I' and the correct
spelling (e.g., `I\hbox'). Otherwise just continue,
and I'll forget about whatever was undefined.

Missing character: There is no 第 ("7B2C) in font nullfont!
Missing character: There is no 一 ("4E00) in font nullfont!
Missing character: There is no 列 ("5217) in font nullfont!
Missing character: There is no 第 ("7B2C) in font nullfont!
Missing character: There is no 二 ("4E8C) in font nullfont!
Missing character: There is no 列 ("5217) in font nullfont!
Missing character: There is no 第 ("7B2C) in font nullfont!
Missing character: There is no 三 ("4E09) in font nullfont!
Missing character: There is no 列 ("5217) in font nullfont!
! Undefined control sequence.
<recently read> \midrule 
                         
l.26 \midrule
             
The control sequence at the end of the top line
of your error message was never \def'ed. If you have
misspelled it (e.g., `\hobx'), type `I' and the correct
spelling (e.g., `I\hbox'). Otherwise just continue,
and I'll forget about whatever was undefined.

Missing character: There is no 文 ("6587) in font nullfont!
Missing character: There is no 字 ("5B57) in font nullfont!
Missing character: There is no E ("45) in font nullfont!
Missing character: There is no n ("6E) in font nullfont!
Missing character: There is no g ("67) in font nullfont!
Missing character: There is no l ("6C) in font nullfont!
Missing character: There is no i ("69) in font nullfont!
Missing character: There is no s ("73) in font nullfont!
Missing character: There is no h ("68) in font nullfont!
Missing character: There is no 文 ("6587) in font nullfont!
Missing character: There is no 字 ("5B57) in font nullfont!
Missing character: There is no E ("45) in font nullfont!
Missing character: There is no n ("6E) in font nullfont!
Missing character: There is no g ("67) in font nullfont!
Missing character: There is no l ("6C) in font nullfont!
Missing character: There is no i ("69) in font nullfont!
Missing character: There is no s ("73) in font nullfont!
Missing character: There is no h ("68) in font nullfont!
Missing character: There is no 文 ("6587) in font nullfont!
Missing character: There is no 字 ("5B57) in font nullfont!
Missing character: There is no E ("45) in font nullfont!
Missing character: There is no n ("6E) in font nullfont!
Missing character: There is no g ("67) in font nullfont!
Missing character: There is no l ("6C) in font nullfont!
Missing character: There is no i ("69) in font nullfont!
Missing character: There is no s ("73) in font nullfont!
Missing character: There is no h ("68) in font nullfont!
! Undefined control sequence.
<recently read> \bottomrule 
                            
l.30 \bottomrule
                
The control sequence at the end of the top line
of your error message was never \def'ed. If you have
misspelled it (e.g., `\hobx'), type `I' and the correct
spelling (e.g., `I\hbox'). Otherwise just continue,
and I'll forget about whatever was undefined.


! LaTeX Error: \begin{document} ended by \end{table}.

See the LaTeX manual or LaTeX Companion for explanation.
Type  H <return>  for immediate help.
 ...                                              
                                                  
l.32 \end{table}
                
Your command was ignored.
Type  I <command> <return>  to replace it with another command,
or  <return>  to continue without it.


Overfull \hbox (20.0pt too wide) in paragraph at lines 19--33
[]
 []


Overfull \hbox (350.0pt too wide) in paragraph at lines 19--33
[]
 []


! LaTeX Error: Missing \begin{document}.

See the LaTeX manual or LaTeX Companion for explanation.
Type  H <return>  for immediate help.
 ...                                              
                                                  
l.34 测
      试公式：
You're in trouble here.  Try typing  <return>  to proceed.
If that doesn't work, type  X <return>  to quit.

Missing character: There is no 测 ("6D4B) in font nullfont!
Missing character: There is no 试 ("8BD5) in font nullfont!
Missing character: There is no 公 ("516C) in font nullfont!
Missing character: There is no 式 ("5F0F) in font nullfont!
Missing character: There is no ： ("FF1A) in font nullfont!

Overfull \hbox (20.0pt too wide) in paragraph at lines 34--35
[] 
 []

! Undefined control sequence.
l.37  \overset
              {\left[\frac{0}{0}\right]}{\underset{\mathrm{H}}{=}}
The control sequence at the end of the top line
of your error message was never \def'ed. If you have
misspelled it (e.g., `\hobx'), type `I' and the correct
spelling (e.g., `I\hbox'). Otherwise just continue,
and I'll forget about whatever was undefined.

! Undefined control sequence.
l.37  \overset{\left[\frac{0}{0}\right]}{\underset
                                                  {\mathrm{H}}{=}}
The control sequence at the end of the top line
of your error message was never \def'ed. If you have
misspelled it (e.g., `\hobx'), type `I' and the correct
spelling (e.g., `I\hbox'). Otherwise just continue,
and I'll forget about whatever was undefined.


Overfull \hbox (133.35687pt too wide) detected at line 39
[] [][][] [] [] \OT1/cmr/m/n/10 = []
 []




! LaTeX Error: The font size command \normalsize is not defined:
               there is probably something wrong with the class file.

See the LaTeX manual or LaTeX Companion for explanation.
Type  H <return>  for immediate help.
 ...                                              
                                                  
l.40 \newpage
             
Your command was ignored.
Type  I <command> <return>  to replace it with another command,
or  <return>  to continue without it.

[1
! Undefined control sequence.
<write> \newlabel{fig:ouc1}{{}{\thepage 
                                        }{}{equation.1}{}}
l.40 \newpage
             
The control sequence at the end of the top line
of your error message was never \def'ed. If you have
misspelled it (e.g., `\hobx'), type `I' and the correct
spelling (e.g., `I\hbox'). Otherwise just continue,
and I'll forget about whatever was undefined.

\newlabel{fig:ouc1}{{}{}{}{equation.1}{}}
])
! Emergency stop.
<*> section_02.tex
                  
*** (job aborted, no legal \end found)

 
Here is how much of TeX's memory you used:
 33 strings out of 473832
 674 string characters out of 5733158
 389383 words of memory out of 5000000
 23197 multiletter control sequences out of 15000+600000
 558845 words of font info for 37 fonts, out of 8000000 for 9000
 1348 hyphenation exceptions out of 8191
 22i,7n,22p,154b,112s stack positions out of 10000i,1000n,20000p,200000b,200000s
Output written on section_02.pdf (1 page).
